Disabling disk cache: No such file or directory
Established listening socket on port 1081.
Disabling disk cache: No such file or directory
Established listening socket on port 1081.
Connect to detectportal.firefox.com:80 failed: Connection refused
Connect to detectportal.firefox.com:80 failed: Connection refused
Connect to detectportal.firefox.com:80 failed: Connection refused
Connect to detectportal.firefox.com:80 failed: Connection refused
Connect to detectportal.firefox.com:80 failed: Connection refused
Connect to detectportal.firefox.com:80 failed: Connection refused
Connect to 192.144.181.144:80 failed: Connection refused
Disabling disk cache: No such file or directory
Established listening socket on port 1081.
Connect to detectportal.firefox.com:80 failed: Connection refused
Connect to detectportal.firefox.com:80 failed: Connection refused
Connect to detectportal.firefox.com:80 failed: Connection refused
Connect to detectportal.firefox.com:80 failed: Connection refused
Connect to detectportal.firefox.com:80 failed: Connection refused
Connect to detectportal.firefox.com:80 failed: Connection refused
Connect to www.767stock.com:80 failed: Connection refused
Connect to 192.144.181.144:80 failed: Connection refused
Connect to detectportal.firefox.com:80 failed: Connection refused
Connect to detectportal.firefox.com:80 failed: Connection refused
Connect to detectportal.firefox.com:80 failed: Connection refused
Connect to detectportal.firefox.com:80 failed: Connection refused
Connect to detectportal.firefox.com:80 failed: Connection refused
Connect to detectportal.firefox.com:80 failed: Connection refused
Connect to 192.144.181.144:80 failed: Connection refused
Connect to 192.144.181.144:80 failed: Connection refused
Connect to detectportal.firefox.com:80 failed: Connection refused
Connect to detectportal.firefox.com:80 failed: Connection refused
Connect to detectportal.firefox.com:80 failed: Connection refused
Connect to detectportal.firefox.com:80 failed: Connection refused
Connect to detectportal.firefox.com:80 failed: Connection refused
Connect to detectportal.firefox.com:80 failed: Connection refused
Connect to detectportal.firefox.com:80 failed: Connection refused
Connect to detectportal.firefox.com:80 failed: Connection refused
Connect to detectportal.firefox.com:80 failed: Connection refused
Connect to detectportal.firefox.com:80 failed: Connection refused
Connect to detectportal.firefox.com:80 failed: Connection refused
Connect to detectportal.firefox.com:80 failed: Connection refused
Connect to detectportal.firefox.com:80 failed: Connection refused
Connect to detectportal.firefox.com:80 failed: Connection refused
Connect to detectportal.firefox.com:80 failed: Connection refused
Connect to detectportal.firefox.com:80 failed: Connection refused
Connect to detectportal.firefox.com:80 failed: Connection refused
Connect to detectportal.firefox.com:80 failed: Connection refused
Connect to detectportal.firefox.com:80 failed: Connection refused
Connect to detectportal.firefox.com:80 failed: Connection refused
Connect to detectportal.firefox.com:80 failed: Connection refused
Connect to detectportal.firefox.com:80 failed: Connection refused
Connect to detectportal.firefox.com:80 failed: Connection refused
Connect to detectportal.firefox.com:80 failed: Connection refused
Connect to detectportal.firefox.com:80 failed: Connection refused
Connect to detectportal.firefox.com:80 failed: Connection refused
Connect to detectportal.firefox.com:80 failed: Connection refused
Connect to detectportal.firefox.com:80 failed: Connection refused
Connect to detectportal.firefox.com:80 failed: Connection refused
Connect to detectportal.firefox.com:80 failed: Connection refused
Connect to detectportal.firefox.com:80 failed: Connection refused
Connect to detectportal.firefox.com:80 failed: Connection refused
Connect to detectportal.firefox.com:80 failed: Connection refused
Connect to detectportal.firefox.com:80 failed: Connection refused
Connect to detectportal.firefox.com:80 failed: Connection refused
Connect to detectportal.firefox.com:80 failed: Connection refused
Connect to detectportal.firefox.com:80 failed: Connection refused
Connect to detectportal.firefox.com:80 failed: Connection refused
Connect to detectportal.firefox.com:80 failed: Connection refused
Connect to detectportal.firefox.com:80 failed: Connection refused
Connect to detectportal.firefox.com:80 failed: Connection refused
Connect to detectportal.firefox.com:80 failed: Connection refused
Connect to detectportal.firefox.com:80 failed: Connection refused
Connect to detectportal.firefox.com:80 failed: Connection refused
Connect to detectportal.firefox.com:80 failed: Connection refused
Connect to detectportal.firefox.com:80 failed: Connection refused
Connect to detectportal.firefox.com:80 failed: Connection refused
Connect to detectportal.firefox.com:80 failed: Connection refused
Connect to detectportal.firefox.com:80 failed: Connection refused
Connect to detectportal.firefox.com:80 failed: Connection refused
Connect to detectportal.firefox.com:80 failed: Connection refused
Connect to detectportal.firefox.com:80 failed: Connection refused
Connect to detectportal.firefox.com:80 failed: Connection refused
Connect to detectportal.firefox.com:80 failed: Connection refused
Disabling disk cache: No such file or directory
Established listening socket on port 1081.
Connect to detectportal.firefox.com:80 failed: Connection refused
Connect to detectportal.firefox.com:80 failed: Connection refused
Connect to detectportal.firefox.com:80 failed: Connection refused
Connect to detectportal.firefox.com:80 failed: Connection refused
Connect to detectportal.firefox.com:80 failed: Connection refused
Connect to detectportal.firefox.com:80 failed: Connection refused
Connect to detectportal.firefox.com:80 failed: Connection refused
Connect to detectportal.firefox.com:80 failed: Connection refused
Connect to www.767stock.com:80 failed: Connection refused
Connect to detectportal.firefox.com:80 failed: Connection refused
Connect to detectportal.firefox.com:80 failed: Connection refused
Connect to detectportal.firefox.com:80 failed: Connection refused
Connect to detectportal.firefox.com:80 failed: Connection refused
Connect to detectportal.firefox.com:80 failed: Connection refused
Connect to detectportal.firefox.com:80 failed: Connection refused
Disabling disk cache: No such file or directory
Established listening socket on port 1081.
Connect to detectportal.firefox.com:80 failed: Connection refused
Connect to detectportal.firefox.com:80 failed: Connection refused
Connect to detectportal.firefox.com:80 failed: Connection refused
Connect to detectportal.firefox.com:80 failed: Connection refused
Connect to detectportal.firefox.com:80 failed: Connection refused
Connect to detectportal.firefox.com:80 failed: Connection refused
Connect to n.sinaimg.cn:80 failed: Connection refused
Connect to detectportal.firefox.com:80 failed: Connection refused
Connect to detectportal.firefox.com:80 failed: Connection refused
Connect to detectportal.firefox.com:80 failed: Connection refused
Connect to detectportal.firefox.com:80 failed: Connection refused
Connect to detectportal.firefox.com:80 failed: Connection refused
Connect to detectportal.firefox.com:80 failed: Connection refused
Disabling disk cache: No such file or directory
Established listening socket on port 1081.
Discarded all objects, 14 chunks and 178 atoms left.
Disabling disk cache: No such file or directory
Established listening socket on port 1081.
